  ChildForm.cpp
c:\users\gusha\onedrive\desktop\쥬신\4개월차\수업\d2d4일차-디바이스장치 초기화\tool\tool126\childform.h(72): warning C4244: 'initializing': conversion from 'wchar_t' to 'char', possible loss of data
c:\users\gusha\onedrive\desktop\쥬신\4개월차\수업\d2d4일차-디바이스장치 초기화\tool\tool126\childform.cpp(15): warning C4005: 'new': macro redefinition
  c:\users\gusha\onedrive\desktop\쥬신\4개월차\수업\d2d4일차-디바이스장치 초기화\tool\tool126\engine_defines.h(28): note: see previous definition of 'new'
c:\users\gusha\onedrive\desktop\쥬신\4개월차\수업\d2d4일차-디바이스장치 초기화\tool\tool126\parser.h(164): warning C4018: '<': signed/unsigned mismatch
c:\users\gusha\onedrive\desktop\쥬신\4개월차\수업\d2d4일차-디바이스장치 초기화\tool\tool126\parser.h(194): warning C4018: '<': signed/unsigned mismatch
c:\users\gusha\onedrive\desktop\쥬신\4개월차\수업\d2d4일차-디바이스장치 초기화\tool\tool126\childform.cpp(362): warning C4244: 'initializing': conversion from 'double' to 'float', possible loss of data
c:\users\gusha\onedrive\desktop\쥬신\4개월차\수업\d2d4일차-디바이스장치 초기화\tool\tool126\childform.cpp(378): warning C4244: 'initializing': conversion from 'double' to 'float', possible loss of data
c:\users\gusha\onedrive\desktop\쥬신\4개월차\수업\d2d4일차-디바이스장치 초기화\tool\tool126\childform.cpp(394): warning C4244: 'initializing': conversion from 'double' to 'float', possible loss of data
c:\users\gusha\onedrive\desktop\쥬신\4개월차\수업\d2d4일차-디바이스장치 초기화\tool\tool126\childform.cpp(454): warning C4244: 'initializing': conversion from 'double' to 'float', possible loss of data
c:\users\gusha\onedrive\desktop\쥬신\4개월차\수업\d2d4일차-디바이스장치 초기화\tool\tool126\childform.cpp(465): warning C4244: 'initializing': conversion from 'double' to 'float', possible loss of data
c:\users\gusha\onedrive\desktop\쥬신\4개월차\수업\d2d4일차-디바이스장치 초기화\tool\tool126\childform.cpp(476): warning C4244: 'initializing': conversion from 'double' to 'float', possible loss of data
c:\users\gusha\onedrive\desktop\쥬신\4개월차\수업\d2d4일차-디바이스장치 초기화\tool\tool126\childform.cpp(487): warning C4244: 'initializing': conversion from 'double' to 'float', possible loss of data
c:\users\gusha\onedrive\desktop\쥬신\4개월차\수업\d2d4일차-디바이스장치 초기화\tool\tool126\childform.cpp(497): warning C4244: 'initializing': conversion from 'double' to 'float', possible loss of data
c:\users\gusha\onedrive\desktop\쥬신\4개월차\수업\d2d4일차-디바이스장치 초기화\tool\tool126\childform.cpp(598): warning C4244: '=': conversion from 'double' to 'Engine::_float', possible loss of data
c:\users\gusha\onedrive\desktop\쥬신\4개월차\수업\d2d4일차-디바이스장치 초기화\tool\tool126\childform.cpp(607): warning C4244: '=': conversion from 'double' to 'Engine::_float', possible loss of data
c:\users\gusha\onedrive\desktop\쥬신\4개월차\수업\d2d4일차-디바이스장치 초기화\tool\tool126\childform.cpp(626): warning C4244: '=': conversion from 'double' to 'Engine::_float', possible loss of data
c:\users\gusha\onedrive\desktop\쥬신\4개월차\수업\d2d4일차-디바이스장치 초기화\tool\tool126\childform.cpp(637): warning C4244: '=': conversion from 'double' to 'Engine::_float', possible loss of data
c:\users\gusha\onedrive\desktop\쥬신\4개월차\수업\d2d4일차-디바이스장치 초기화\tool\tool126\childform.cpp(657): warning C4244: '=': conversion from 'double' to 'Engine::_float', possible loss of data
c:\users\gusha\onedrive\desktop\쥬신\4개월차\수업\d2d4일차-디바이스장치 초기화\tool\tool126\childform.cpp(668): warning C4244: '=': conversion from 'double' to 'Engine::_float', possible loss of data
c:\users\gusha\onedrive\desktop\쥬신\4개월차\수업\d2d4일차-디바이스장치 초기화\tool\tool126\childform.cpp(687): warning C4244: '=': conversion from 'double' to 'Engine::_float', possible loss of data
c:\users\gusha\onedrive\desktop\쥬신\4개월차\수업\d2d4일차-디바이스장치 초기화\tool\tool126\childform.cpp(697): warning C4244: '=': conversion from 'double' to 'Engine::_float', possible loss of data
c:\users\gusha\onedrive\desktop\쥬신\4개월차\수업\d2d4일차-디바이스장치 초기화\tool\tool126\childform.cpp(900): warning C4244: '=': conversion from 'double' to 'Engine::_float', possible loss of data
c:\users\gusha\onedrive\desktop\쥬신\4개월차\수업\d2d4일차-디바이스장치 초기화\tool\tool126\childform.cpp(911): warning C4244: 'initializing': conversion from 'double' to 'float', possible loss of data
c:\users\gusha\onedrive\desktop\쥬신\4개월차\수업\d2d4일차-디바이스장치 초기화\tool\tool126\childform.cpp(929): warning C4244: '=': conversion from 'double' to 'Engine::_float', possible loss of data
c:\users\gusha\onedrive\desktop\쥬신\4개월차\수업\d2d4일차-디바이스장치 초기화\tool\tool126\childform.cpp(941): warning C4244: 'initializing': conversion from 'double' to 'float', possible loss of data
Base.obj : warning LNK4258: directive '/entry:WinMainCRTStartup' not compatible with switch '/ENTRY:wWinMainCRTStartup'; ignored
Bone.obj : warning LNK4258: directive '/entry:WinMainCRTStartup' not compatible with switch '/ENTRY:wWinMainCRTStartup'; ignored
Camera.obj : warning LNK4258: directive '/entry:WinMainCRTStartup' not compatible with switch '/ENTRY:wWinMainCRTStartup'; ignored
ChildForm.obj : warning LNK4258: directive '/entry:WinMainCRTStartup' not compatible with switch '/ENTRY:wWinMainCRTStartup'; ignored
Component.obj : warning LNK4258: directive '/entry:WinMainCRTStartup' not compatible with switch '/ENTRY:wWinMainCRTStartup'; ignored
ComponentManager.obj : warning LNK4258: directive '/entry:WinMainCRTStartup' not compatible with switch '/ENTRY:wWinMainCRTStartup'; ignored
GameInstance.obj : warning LNK4258: directive '/entry:WinMainCRTStartup' not compatible with switch '/ENTRY:wWinMainCRTStartup'; ignored
GameObject.obj : warning LNK4258: directive '/entry:WinMainCRTStartup' not compatible with switch '/ENTRY:wWinMainCRTStartup'; ignored
Graphic_Device.obj : warning LNK4258: directive '/entry:WinMainCRTStartup' not compatible with switch '/ENTRY:wWinMainCRTStartup'; ignored
Input_Device.obj : warning LNK4258: directive '/entry:WinMainCRTStartup' not compatible with switch '/ENTRY:wWinMainCRTStartup'; ignored
Layer.obj : warning LNK4258: directive '/entry:WinMainCRTStartup' not compatible with switch '/ENTRY:wWinMainCRTStartup'; ignored
Level.obj : warning LNK4258: directive '/entry:WinMainCRTStartup' not compatible with switch '/ENTRY:wWinMainCRTStartup'; ignored
LevelManager.obj : warning LNK4258: directive '/entry:WinMainCRTStartup' not compatible with switch '/ENTRY:wWinMainCRTStartup'; ignored
Level_GamePlay.obj : warning LNK4258: directive '/entry:WinMainCRTStartup' not compatible with switch '/ENTRY:wWinMainCRTStartup'; ignored
Level_Loading.obj : warning LNK4258: directive '/entry:WinMainCRTStartup' not compatible with switch '/ENTRY:wWinMainCRTStartup'; ignored
Loader.obj : warning LNK4258: directive '/entry:WinMainCRTStartup' not compatible with switch '/ENTRY:wWinMainCRTStartup'; ignored
MainFrm.obj : warning LNK4258: directive '/entry:WinMainCRTStartup' not compatible with switch '/ENTRY:wWinMainCRTStartup'; ignored
ObjectManager.obj : warning LNK4258: directive '/entry:WinMainCRTStartup' not compatible with switch '/ENTRY:wWinMainCRTStartup'; ignored
Parser.obj : warning LNK4258: directive '/entry:WinMainCRTStartup' not compatible with switch '/ENTRY:wWinMainCRTStartup'; ignored
Renderer.obj : warning LNK4258: directive '/entry:WinMainCRTStartup' not compatible with switch '/ENTRY:wWinMainCRTStartup'; ignored
stdafx.obj : warning LNK4258: directive '/entry:WinMainCRTStartup' not compatible with switch '/ENTRY:wWinMainCRTStartup'; ignored
Test.obj : warning LNK4258: directive '/entry:WinMainCRTStartup' not compatible with switch '/ENTRY:wWinMainCRTStartup'; ignored
Timer.obj : warning LNK4258: directive '/entry:WinMainCRTStartup' not compatible with switch '/ENTRY:wWinMainCRTStartup'; ignored
Timer_Manager.obj : warning LNK4258: directive '/entry:WinMainCRTStartup' not compatible with switch '/ENTRY:wWinMainCRTStartup'; ignored
Tool126.obj : warning LNK4258: directive '/entry:WinMainCRTStartup' not compatible with switch '/ENTRY:wWinMainCRTStartup'; ignored
Tool126Doc.obj : warning LNK4258: directive '/entry:WinMainCRTStartup' not compatible with switch '/ENTRY:wWinMainCRTStartup'; ignored
Tool126View.obj : warning LNK4258: directive '/entry:WinMainCRTStartup' not compatible with switch '/ENTRY:wWinMainCRTStartup'; ignored
Transform.obj : warning LNK4258: directive '/entry:WinMainCRTStartup' not compatible with switch '/ENTRY:wWinMainCRTStartup'; ignored
VIBuffer.obj : warning LNK4258: directive '/entry:WinMainCRTStartup' not compatible with switch '/ENTRY:wWinMainCRTStartup'; ignored
VIBuffer_Cube.obj : warning LNK4258: directive '/entry:WinMainCRTStartup' not compatible with switch '/ENTRY:wWinMainCRTStartup'; ignored
VIBuffer_Rect.obj : warning LNK4258: directive '/entry:WinMainCRTStartup' not compatible with switch '/ENTRY:wWinMainCRTStartup'; ignored
VIBuffer_Terrain.obj : warning LNK4258: directive '/entry:WinMainCRTStartup' not compatible with switch '/ENTRY:wWinMainCRTStartup'; ignored
  Tool126.vcxproj -> C:\Users\gusha\OneDrive\Desktop\쥬신\4개월차\수업\D2D4일차-디바이스장치 초기화\Tool\Debug\Tool126.exe
  Tool126.vcxproj -> C:\Users\gusha\OneDrive\Desktop\쥬신\4개월차\수업\D2D4일차-디바이스장치 초기화\Tool\Debug\Tool126.pdb (Partial PDB)
