  Test.cpp
Base.obj : warning LNK4258: directive '/entry:WinMainCRTStartup' not compatible with switch '/ENTRY:wWinMainCRTStartup'; ignored
Bone.obj : warning LNK4258: directive '/entry:WinMainCRTStartup' not compatible with switch '/ENTRY:wWinMainCRTStartup'; ignored
Camera.obj : warning LNK4258: directive '/entry:WinMainCRTStartup' not compatible with switch '/ENTRY:wWinMainCRTStartup'; ignored
ChildForm.obj : warning LNK4258: directive '/entry:WinMainCRTStartup' not compatible with switch '/ENTRY:wWinMainCRTStartup'; ignored
Component.obj : warning LNK4258: directive '/entry:WinMainCRTStartup' not compatible with switch '/ENTRY:wWinMainCRTStartup'; ignored
ComponentManager.obj : warning LNK4258: directive '/entry:WinMainCRTStartup' not compatible with switch '/ENTRY:wWinMainCRTStartup'; ignored
GameInstance.obj : warning LNK4258: directive '/entry:WinMainCRTStartup' not compatible with switch '/ENTRY:wWinMainCRTStartup'; ignored
GameObject.obj : warning LNK4258: directive '/entry:WinMainCRTStartup' not compatible with switch '/ENTRY:wWinMainCRTStartup'; ignored
Graphic_Device.obj : warning LNK4258: directive '/entry:WinMainCRTStartup' not compatible with switch '/ENTRY:wWinMainCRTStartup'; ignored
Layer.obj : warning LNK4258: directive '/entry:WinMainCRTStartup' not compatible with switch '/ENTRY:wWinMainCRTStartup'; ignored
Level.obj : warning LNK4258: directive '/entry:WinMainCRTStartup' not compatible with switch '/ENTRY:wWinMainCRTStartup'; ignored
LevelManager.obj : warning LNK4258: directive '/entry:WinMainCRTStartup' not compatible with switch '/ENTRY:wWinMainCRTStartup'; ignored
Level_GamePlay.obj : warning LNK4258: directive '/entry:WinMainCRTStartup' not compatible with switch '/ENTRY:wWinMainCRTStartup'; ignored
Level_Loading.obj : warning LNK4258: directive '/entry:WinMainCRTStartup' not compatible with switch '/ENTRY:wWinMainCRTStartup'; ignored
Loader.obj : warning LNK4258: directive '/entry:WinMainCRTStartup' not compatible with switch '/ENTRY:wWinMainCRTStartup'; ignored
MainFrm.obj : warning LNK4258: directive '/entry:WinMainCRTStartup' not compatible with switch '/ENTRY:wWinMainCRTStartup'; ignored
ObjectManager.obj : warning LNK4258: directive '/entry:WinMainCRTStartup' not compatible with switch '/ENTRY:wWinMainCRTStartup'; ignored
Parser.obj : warning LNK4258: directive '/entry:WinMainCRTStartup' not compatible with switch '/ENTRY:wWinMainCRTStartup'; ignored
Renderer.obj : warning LNK4258: directive '/entry:WinMainCRTStartup' not compatible with switch '/ENTRY:wWinMainCRTStartup'; ignored
stdafx.obj : warning LNK4258: directive '/entry:WinMainCRTStartup' not compatible with switch '/ENTRY:wWinMainCRTStartup'; ignored
Test.obj : warning LNK4258: directive '/entry:WinMainCRTStartup' not compatible with switch '/ENTRY:wWinMainCRTStartup'; ignored
Timer.obj : warning LNK4258: directive '/entry:WinMainCRTStartup' not compatible with switch '/ENTRY:wWinMainCRTStartup'; ignored
Timer_Manager.obj : warning LNK4258: directive '/entry:WinMainCRTStartup' not compatible with switch '/ENTRY:wWinMainCRTStartup'; ignored
Tool126.obj : warning LNK4258: directive '/entry:WinMainCRTStartup' not compatible with switch '/ENTRY:wWinMainCRTStartup'; ignored
Tool126Doc.obj : warning LNK4258: directive '/entry:WinMainCRTStartup' not compatible with switch '/ENTRY:wWinMainCRTStartup'; ignored
Tool126View.obj : warning LNK4258: directive '/entry:WinMainCRTStartup' not compatible with switch '/ENTRY:wWinMainCRTStartup'; ignored
Transform.obj : warning LNK4258: directive '/entry:WinMainCRTStartup' not compatible with switch '/ENTRY:wWinMainCRTStartup'; ignored
VIBuffer.obj : warning LNK4258: directive '/entry:WinMainCRTStartup' not compatible with switch '/ENTRY:wWinMainCRTStartup'; ignored
VIBuffer_Cube.obj : warning LNK4258: directive '/entry:WinMainCRTStartup' not compatible with switch '/ENTRY:wWinMainCRTStartup'; ignored
VIBuffer_Rect.obj : warning LNK4258: directive '/entry:WinMainCRTStartup' not compatible with switch '/ENTRY:wWinMainCRTStartup'; ignored
VIBuffer_Terrain.obj : warning LNK4258: directive '/entry:WinMainCRTStartup' not compatible with switch '/ENTRY:wWinMainCRTStartup'; ignored
  Tool126.vcxproj -> C:\Users\gusha\OneDrive\Desktop\쥬신\5개월차\이현학\220427_애니메이션툴_axis값버그수정\Tool\x64\Debug\Tool126.exe
  Tool126.vcxproj -> C:\Users\gusha\OneDrive\Desktop\쥬신\5개월차\이현학\220427_애니메이션툴_axis값버그수정\Tool\x64\Debug\Tool126.pdb (Partial PDB)
